<?xml version="1.0" encoding="UTF-8"?>
<!-- Generated by org.testng.reporters.JUnitReportReporter -->
<testsuite skipped="0" hostname="LAPTOP-CG8UO299" name="MavenGuru.Gmail" tests="1" failures="0" timestamp="2019-12-27T09:36:52 IST" time="38.925" errors="0">
  <testcase name="fun" time="38.925" classname="MavenGuru.Gmail"/>
</testsuite> <!-- MavenGuru.Gmail -->
