<?xml version="1.0" encoding="UTF-8"?>
<!-- Generated by org.testng.reporters.JUnitReportReporter -->
<testsuite skipped="0" hostname="LAPTOP-CG8UO299" name="MavenGuru.Assertvalidation" tests="1" failures="0" timestamp="2019-12-26T12:07:24 IST" time="0.024" errors="0">
  <testcase name="fun" time="0.024" classname="MavenGuru.Assertvalidation"/>
</testsuite> <!-- MavenGuru.Assertvalidation -->
