<?xml version="1.0" encoding="UTF-8"?>
<!-- Generated by org.testng.reporters.JUnitReportReporter -->
<testsuite skipped="0" hostname="LAPTOP-CG8UO299" name="MavenGuru.Savaari_oneway_Validation" tests="1" failures="0" timestamp="2019-12-26T12:28:20 IST" time="0.727" errors="0">
  <testcase name="validation" time="0.727" classname="MavenGuru.Savaari_oneway_Validation"/>
</testsuite> <!-- MavenGuru.Savaari_oneway_Validation -->
