<?xml version="1.0" encoding="UTF-8"?>
<!-- Generated by org.testng.reporters.JUnitReportReporter -->
<testsuite skipped="0" hostname="LAPTOP-CG8UO299" name="pom.Repository" tests="1" failures="0" timestamp="2019-12-26T19:35:06 IST" time="6.004" errors="0">
  <testcase name="login" time="6.004" classname="pom.Repository"/>
</testsuite> <!-- pom.Repository -->
