<?xml version="1.0" encoding="UTF-8"?>
<!-- Generated by org.testng.reporters.JUnitReportReporter -->
<testsuite skipped="0" hostname="LAPTOP-CG8UO299" name="MavenGuru.NewTest" tests="1" failures="0" timestamp="2019-12-24T08:54:29 IST" time="0.216" errors="0">
  <testcase name="fun" time="0.216" classname="MavenGuru.NewTest"/>
</testsuite> <!-- MavenGuru.NewTest -->
