<?xml version="1.0" encoding="UTF-8"?>
<!-- Generated by org.testng.reporters.JUnitReportReporter -->
<testsuite skipped="0" hostname="LAPTOP-CG8UO299" name="MavenGuru.MaleValidation" tests="3" failures="0" timestamp="2019-12-26T12:56:31 IST" time="10.251" errors="0">
  <testcase name="Login" time="3.927" classname="MavenGuru.MaleValidation"/>
  <testcase name="Registration" time="6.111" classname="MavenGuru.MaleValidation"/>
  <testcase name="Validation" time="0.213" classname="MavenGuru.MaleValidation"/>
</testsuite> <!-- MavenGuru.MaleValidation -->
